{"C:\\Users\\User\\OneDrive\\Рабочий стол\\Test.jest.home\\js\\character.js": {"path":"C:\\Users\\User\\OneDrive\\Рабочий стол\\Test.jest.home\\js\\character.js","statementMap":{"0":{"start":{"line":2,"column":4},"end":{"line":8,"column":5}},"1":{"start":{"line":3,"column":6},"end":{"line":3,"column":23}},"2":{"start":{"line":4,"column":11},"end":{"line":8,"column":5}},"3":{"start":{"line":5,"column":6},"end":{"line":5,"column":23}},"4":{"start":{"line":7,"column":6},"end":{"line":7,"column":24}}},"fnMap":{"0":{"name":"determineCharacterStatus","decl":{"start":{"line":1,"column":16},"end":{"line":1,"column":40}},"loc":{"start":{"line":1,"column":52},"end":{"line":9,"column":3}},"line":1}},"branchMap":{"0":{"loc":{"start":{"line":2,"column":4},"end":{"line":8,"column":5}},"type":"if","locations":[{"start":{"line":2,"column":4},"end":{"line":8,"column":5}},{"start":{"line":4,"column":11},"end":{"line":8,"column":5}}],"line":2},"1":{"loc":{"start":{"line":4,"column":11},"end":{"line":8,"column":5}},"type":"if","locations":[{"start":{"line":4,"column":11},"end":{"line":8,"column":5}},{"start":{"line":6,"column":11},"end":{"line":8,"column":5}}],"line":4}},"s":{"0":3,"1":1,"2":2,"3":1,"4":1},"f":{"0":3},"b":{"0":[1,2],"1":[1,1]},"_coverageSchema":"1a1c01bbd47fc00a2c39e90264f33305004495a9","hash":"77efdb13315c507af420cd188decc9ed94b6197b"}
}
